<?xml version="1.0" encoding="UTF-8"?>
<coverage generated="1652167363285" clover="3.2.0">
  <project timestamp="1652167363285" name="All files">
    <metrics statements="25" coveredstatements="25" conditionals="34" coveredconditionals="34" methods="11" coveredmethods="11" elements="70" coveredelements="70" complexity="0" loc="25" ncloc="25" packages="1" files="1" classes="1"/>
    <file name="index.ts" path="/Users/marvin/soft/progressively/packages/sdk-js/src/index.ts">
      <metrics statements="25" coveredstatements="25" conditionals="34" coveredconditionals="34" methods="11" coveredmethods="11"/>
      <line num="3" count="1" type="stmt"/>
      <line num="6" count="8" type="cond" truecount="6" falsecount="0"/>
      <line num="9" count="8" type="cond" truecount="6" falsecount="0"/>
      <line num="10" count="8" type="stmt"/>
      <line num="11" count="6" type="stmt"/>
      <line num="14" count="8" type="stmt"/>
      <line num="19" count="8" type="cond" truecount="6" falsecount="0"/>
      <line num="20" count="8" type="stmt"/>
      <line num="21" count="6" type="stmt"/>
      <line num="22" count="3" type="stmt"/>
      <line num="25" count="8" type="stmt"/>
      <line num="29" count="8" type="cond" truecount="6" falsecount="0"/>
      <line num="37" count="8" type="stmt"/>
      <line num="43" count="3" type="stmt"/>
      <line num="45" count="3" type="stmt"/>
      <line num="46" count="3" type="stmt"/>
      <line num="49" count="3" type="stmt"/>
      <line num="50" count="3" type="stmt"/>
      <line num="58" count="5" type="stmt"/>
      <line num="62" count="5" type="stmt"/>
      <line num="63" count="2" type="stmt"/>
      <line num="65" count="2" type="stmt"/>
      <line num="70" count="2" type="cond" truecount="4" falsecount="0"/>
      <line num="73" count="8" type="stmt"/>
      <line num="76" count="1" type="stmt"/>
    </file>
  </project>
</coverage>
