<?xml version="1.0" encoding="UTF-8"?>
<coverage generated="1651068294469" clover="3.2.0">
  <project timestamp="1651068294470" name="All files">
    <metrics statements="30" coveredstatements="28" conditionals="27" coveredconditionals="23" methods="10" coveredmethods="9" elements="67" coveredelements="60" complexity="0" loc="30" ncloc="30" packages="1" files="1" classes="1"/>
    <file name="index.ts" path="/Users/marvin/soft/progressively/packages/sdk-js/src/index.ts">
      <metrics statements="30" coveredstatements="28" conditionals="27" coveredconditionals="23" methods="10" coveredmethods="9"/>
      <line num="3" count="1" type="stmt"/>
      <line num="6" count="10" type="stmt"/>
      <line num="7" count="0" type="stmt"/>
      <line num="12" count="5" type="cond" truecount="6" falsecount="0"/>
      <line num="14" count="5" type="cond" truecount="6" falsecount="0"/>
      <line num="15" count="5" type="stmt"/>
      <line num="16" count="5" type="stmt"/>
      <line num="19" count="5" type="cond" truecount="6" falsecount="0"/>
      <line num="20" count="5" type="stmt"/>
      <line num="21" count="5" type="stmt"/>
      <line num="22" count="5" type="stmt"/>
      <line num="24" count="5" type="stmt"/>
      <line num="31" count="5" type="stmt"/>
      <line num="37" count="2" type="stmt"/>
      <line num="39" count="2" type="stmt"/>
      <line num="40" count="2" type="stmt"/>
      <line num="43" count="2" type="stmt"/>
      <line num="44" count="2" type="stmt"/>
      <line num="49" count="4" type="cond" truecount="4" falsecount="0"/>
      <line num="51" count="4" type="stmt"/>
      <line num="54" count="4" type="cond" truecount="1" falsecount="0"/>
      <line num="55" count="1" type="stmt"/>
      <line num="58" count="4" type="stmt"/>
      <line num="59" count="4" type="stmt"/>
      <line num="60" count="2" type="stmt"/>
      <line num="61" count="2" type="stmt"/>
      <line num="63" count="2" type="stmt"/>
      <line num="68" count="0" type="cond" truecount="0" falsecount="4"/>
      <line num="71" count="5" type="stmt"/>
      <line num="74" count="1" type="stmt"/>
    </file>
  </project>
</coverage>
