{"/Users/marvin/soft/progressively/packages/sdk-js/src/index.ts": {"path":"/Users/marvin/soft/progressively/packages/sdk-js/src/index.ts","statementMap":{"0":{"start":{"line":3,"column":0},"end":{"line":3,"column":24}},"1":{"start":{"line":6,"column":25},"end":{"line":6,"column":46}},"2":{"start":{"line":9,"column":18},"end":{"line":9,"column":60}},"3":{"start":{"line":10,"column":22},"end":{"line":12,"column":14}},"4":{"start":{"line":11,"column":18},"end":{"line":11,"column":41}},"5":{"start":{"line":14,"column":23},"end":{"line":16,"column":4}},"6":{"start":{"line":19,"column":24},"end":{"line":19,"column":70}},"7":{"start":{"line":20,"column":20},"end":{"line":23,"column":14}},"8":{"start":{"line":21,"column":21},"end":{"line":21,"column":33}},"9":{"start":{"line":22,"column":18},"end":{"line":22,"column":41}},"10":{"start":{"line":25,"column":23},"end":{"line":27,"column":4}},"11":{"start":{"line":29,"column":2},"end":{"line":29,"column":70}},"12":{"start":{"line":37,"column":24},"end":{"line":37,"column":36}},"13":{"start":{"line":43,"column":4},"end":{"line":51,"column":9}},"14":{"start":{"line":45,"column":8},"end":{"line":45,"column":23}},"15":{"start":{"line":46,"column":8},"end":{"line":46,"column":31}},"16":{"start":{"line":49,"column":8},"end":{"line":49,"column":38}},"17":{"start":{"line":50,"column":8},"end":{"line":50,"column":35}},"18":{"start":{"line":58,"column":4},"end":{"line":60,"column":6}},"19":{"start":{"line":62,"column":4},"end":{"line":66,"column":6}},"20":{"start":{"line":63,"column":6},"end":{"line":63,"column":59}},"21":{"start":{"line":65,"column":6},"end":{"line":65,"column":22}},"22":{"start":{"line":70,"column":4},"end":{"line":70,"column":20}},"23":{"start":{"line":73,"column":2},"end":{"line":73,"column":49}},"24":{"start":{"line":76,"column":0},"end":{"line":76,"column":24}}},"fnMap":{"0":{"name":"init","decl":{"start":{"line":5,"column":9},"end":{"line":5,"column":13}},"loc":{"start":{"line":5,"column":53},"end":{"line":30,"column":1}}},"1":{"name":"(anonymous_1)","decl":{"start":{"line":11,"column":9},"end":{"line":11,"column":10}},"loc":{"start":{"line":11,"column":18},"end":{"line":11,"column":41}}},"2":{"name":"(anonymous_2)","decl":{"start":{"line":21,"column":12},"end":{"line":21,"column":13}},"loc":{"start":{"line":21,"column":21},"end":{"line":21,"column":33}}},"3":{"name":"(anonymous_3)","decl":{"start":{"line":22,"column":9},"end":{"line":22,"column":10}},"loc":{"start":{"line":22,"column":18},"end":{"line":22,"column":41}}},"4":{"name":"Sdk","decl":{"start":{"line":32,"column":9},"end":{"line":32,"column":12}},"loc":{"start":{"line":35,"column":24},"end":{"line":74,"column":1}}},"5":{"name":"loadFlags","decl":{"start":{"line":40,"column":11},"end":{"line":40,"column":20}},"loc":{"start":{"line":40,"column":20},"end":{"line":52,"column":3}}},"6":{"name":"(anonymous_6)","decl":{"start":{"line":44,"column":12},"end":{"line":44,"column":13}},"loc":{"start":{"line":44,"column":20},"end":{"line":47,"column":7}}},"7":{"name":"(anonymous_7)","decl":{"start":{"line":48,"column":12},"end":{"line":48,"column":13}},"loc":{"start":{"line":48,"column":21},"end":{"line":51,"column":7}}},"8":{"name":"onFlagUpdate","decl":{"start":{"line":54,"column":11},"end":{"line":54,"column":23}},"loc":{"start":{"line":56,"column":26},"end":{"line":67,"column":3}}},"9":{"name":"(anonymous_9)","decl":{"start":{"line":62,"column":23},"end":{"line":62,"column":24}},"loc":{"start":{"line":62,"column":33},"end":{"line":66,"column":5}}},"10":{"name":"disconnect","decl":{"start":{"line":69,"column":11},"end":{"line":69,"column":21}},"loc":{"start":{"line":69,"column":21},"end":{"line":71,"column":3}}}},"branchMap":{"0":{"loc":{"start":{"line":6,"column":25},"end":{"line":6,"column":46}},"type":"binary-expr","locations":[{"start":{"line":6,"column":25},"end":{"line":6,"column":40}},{"start":{"line":6,"column":44},"end":{"line":6,"column":46}}]},"1":{"loc":{"start":{"line":6,"column":25},"end":{"line":6,"column":40}},"type":"cond-expr","locations":[{"start":{"line":6,"column":32},"end":{"line":6,"column":34}},{"start":{"line":6,"column":25},"end":{"line":6,"column":40}}]},"2":{"loc":{"start":{"line":6,"column":25},"end":{"line":6,"column":34}},"type":"binary-expr","locations":[{"start":{"line":6,"column":25},"end":{"line":6,"column":34}},{"start":{"line":6,"column":25},"end":{"line":6,"column":34}}]},"3":{"loc":{"start":{"line":9,"column":18},"end":{"line":9,"column":60}},"type":"binary-expr","locations":[{"start":{"line":9,"column":18},"end":{"line":9,"column":33}},{"start":{"line":9,"column":37},"end":{"line":9,"column":60}}]},"4":{"loc":{"start":{"line":9,"column":18},"end":{"line":9,"column":33}},"type":"cond-expr","locations":[{"start":{"line":9,"column":25},"end":{"line":9,"column":27}},{"start":{"line":9,"column":18},"end":{"line":9,"column":33}}]},"5":{"loc":{"start":{"line":9,"column":18},"end":{"line":9,"column":27}},"type":"binary-expr","locations":[{"start":{"line":9,"column":18},"end":{"line":9,"column":27}},{"start":{"line":9,"column":18},"end":{"line":9,"column":27}}]},"6":{"loc":{"start":{"line":15,"column":4},"end":{"line":15,"column":null}},"type":"cond-expr","locations":[{"start":{"line":15,"column":18},"end":{"line":15,"column":35}},{"start":{"line":15,"column":38},"end":{"line":15,"column":null}}]},"7":{"loc":{"start":{"line":19,"column":24},"end":{"line":19,"column":70}},"type":"binary-expr","locations":[{"start":{"line":19,"column":24},"end":{"line":19,"column":45}},{"start":{"line":19,"column":49},"end":{"line":19,"column":70}}]},"8":{"loc":{"start":{"line":19,"column":24},"end":{"line":19,"column":45}},"type":"cond-expr","locations":[{"start":{"line":19,"column":31},"end":{"line":19,"column":33}},{"start":{"line":19,"column":24},"end":{"line":19,"column":45}}]},"9":{"loc":{"start":{"line":19,"column":24},"end":{"line":19,"column":33}},"type":"binary-expr","locations":[{"start":{"line":19,"column":24},"end":{"line":19,"column":33}},{"start":{"line":19,"column":24},"end":{"line":19,"column":33}}]},"10":{"loc":{"start":{"line":26,"column":4},"end":{"line":26,"column":null}},"type":"cond-expr","locations":[{"start":{"line":26,"column":16},"end":{"line":26,"column":31}},{"start":{"line":26,"column":34},"end":{"line":26,"column":null}}]},"11":{"loc":{"start":{"line":29,"column":41},"end":{"line":29,"column":68}},"type":"binary-expr","locations":[{"start":{"line":29,"column":41},"end":{"line":29,"column":62}},{"start":{"line":29,"column":66},"end":{"line":29,"column":68}}]},"12":{"loc":{"start":{"line":29,"column":41},"end":{"line":29,"column":62}},"type":"cond-expr","locations":[{"start":{"line":29,"column":48},"end":{"line":29,"column":50}},{"start":{"line":29,"column":41},"end":{"line":29,"column":62}}]},"13":{"loc":{"start":{"line":29,"column":41},"end":{"line":29,"column":50}},"type":"binary-expr","locations":[{"start":{"line":29,"column":41},"end":{"line":29,"column":50}},{"start":{"line":29,"column":41},"end":{"line":29,"column":50}}]},"14":{"loc":{"start":{"line":59,"column":6},"end":{"line":59,"column":70}},"type":"cond-expr","locations":[{"start":{"line":59,"column":15},"end":{"line":59,"column":50}},{"start":{"line":59,"column":53},"end":{"line":59,"column":70}}]},"15":{"loc":{"start":{"line":70,"column":4},"end":{"line":70,"column":19}},"type":"cond-expr","locations":[{"start":{"line":70,"column":10},"end":{"line":70,"column":12}},{"start":{"line":70,"column":4},"end":{"line":70,"column":19}}]},"16":{"loc":{"start":{"line":70,"column":4},"end":{"line":70,"column":12}},"type":"binary-expr","locations":[{"start":{"line":70,"column":4},"end":{"line":70,"column":12}},{"start":{"line":70,"column":4},"end":{"line":70,"column":12}}]}},"s":{"0":1,"1":8,"2":8,"3":8,"4":6,"5":8,"6":8,"7":8,"8":6,"9":3,"10":8,"11":8,"12":8,"13":3,"14":3,"15":3,"16":3,"17":3,"18":5,"19":5,"20":2,"21":2,"22":2,"23":8,"24":1},"f":{"0":8,"1":6,"2":6,"3":3,"4":8,"5":3,"6":3,"7":3,"8":5,"9":2,"10":2},"b":{"0":[8,5],"1":[1,7],"2":[8,8],"3":[8,8],"4":[1,7],"5":[8,8],"6":[3,5],"7":[8,2],"8":[1,7],"9":[8,8],"10":[3,5],"11":[8,8],"12":[1,7],"13":[8,8],"14":[1,4],"15":[1,1],"16":[2,2]}}
}
