{"/Users/marvin/soft/progressively/packages/sdk-js/src/index.ts": {"path":"/Users/marvin/soft/progressively/packages/sdk-js/src/index.ts","statementMap":{"0":{"start":{"line":3,"column":0},"end":{"line":3,"column":24}},"1":{"start":{"line":6,"column":2},"end":{"line":8,"column":null}},"2":{"start":{"line":7,"column":4},"end":{"line":7,"column":55}},"3":{"start":{"line":12,"column":25},"end":{"line":12,"column":46}},"4":{"start":{"line":14,"column":18},"end":{"line":14,"column":60}},"5":{"start":{"line":15,"column":23},"end":{"line":15,"column":67}},"6":{"start":{"line":16,"column":2},"end":{"line":16,"column":41}},"7":{"start":{"line":19,"column":24},"end":{"line":19,"column":70}},"8":{"start":{"line":20,"column":23},"end":{"line":20,"column":45}},"9":{"start":{"line":21,"column":2},"end":{"line":21,"column":57}},"10":{"start":{"line":22,"column":2},"end":{"line":22,"column":41}},"11":{"start":{"line":24,"column":2},"end":{"line":24,"column":52}},"12":{"start":{"line":31,"column":24},"end":{"line":31,"column":26}},"13":{"start":{"line":37,"column":4},"end":{"line":45,"column":9}},"14":{"start":{"line":39,"column":8},"end":{"line":39,"column":23}},"15":{"start":{"line":40,"column":8},"end":{"line":40,"column":31}},"16":{"start":{"line":43,"column":8},"end":{"line":43,"column":38}},"17":{"start":{"line":44,"column":8},"end":{"line":44,"column":35}},"18":{"start":{"line":49,"column":24},"end":{"line":52,"column":21}},"19":{"start":{"line":51,"column":21},"end":{"line":51,"column":56}},"20":{"start":{"line":54,"column":4},"end":{"line":56,"column":null}},"21":{"start":{"line":55,"column":6},"end":{"line":55,"column":60}},"22":{"start":{"line":58,"column":4},"end":{"line":58,"column":57}},"23":{"start":{"line":59,"column":4},"end":{"line":64,"column":6}},"24":{"start":{"line":60,"column":23},"end":{"line":60,"column":45}},"25":{"start":{"line":61,"column":6},"end":{"line":61,"column":36}},"26":{"start":{"line":63,"column":6},"end":{"line":63,"column":22}},"27":{"start":{"line":68,"column":4},"end":{"line":68,"column":20}},"28":{"start":{"line":71,"column":2},"end":{"line":71,"column":49}},"29":{"start":{"line":74,"column":0},"end":{"line":74,"column":24}}},"fnMap":{"0":{"name":"appendFieldToUrl","decl":{"start":{"line":5,"column":9},"end":{"line":5,"column":25}},"loc":{"start":{"line":5,"column":50},"end":{"line":9,"column":1}}},"1":{"name":"init","decl":{"start":{"line":11,"column":9},"end":{"line":11,"column":13}},"loc":{"start":{"line":11,"column":53},"end":{"line":25,"column":1}}},"2":{"name":"Sdk","decl":{"start":{"line":27,"column":9},"end":{"line":27,"column":12}},"loc":{"start":{"line":29,"column":24},"end":{"line":72,"column":1}}},"3":{"name":"loadFlags","decl":{"start":{"line":34,"column":11},"end":{"line":34,"column":20}},"loc":{"start":{"line":34,"column":20},"end":{"line":46,"column":3}}},"4":{"name":"(anonymous_4)","decl":{"start":{"line":38,"column":12},"end":{"line":38,"column":13}},"loc":{"start":{"line":38,"column":20},"end":{"line":41,"column":7}}},"5":{"name":"(anonymous_5)","decl":{"start":{"line":42,"column":12},"end":{"line":42,"column":13}},"loc":{"start":{"line":42,"column":21},"end":{"line":45,"column":7}}},"6":{"name":"onFlagUpdate","decl":{"start":{"line":48,"column":11},"end":{"line":48,"column":23}},"loc":{"start":{"line":48,"column":58},"end":{"line":65,"column":3}}},"7":{"name":"(anonymous_7)","decl":{"start":{"line":51,"column":12},"end":{"line":51,"column":13}},"loc":{"start":{"line":51,"column":21},"end":{"line":51,"column":56}}},"8":{"name":"(anonymous_8)","decl":{"start":{"line":59,"column":23},"end":{"line":59,"column":24}},"loc":{"start":{"line":59,"column":33},"end":{"line":64,"column":5}}},"9":{"name":"disconnect","decl":{"start":{"line":67,"column":11},"end":{"line":67,"column":21}},"loc":{"start":{"line":67,"column":21},"end":{"line":69,"column":3}}}},"branchMap":{"0":{"loc":{"start":{"line":12,"column":25},"end":{"line":12,"column":46}},"type":"binary-expr","locations":[{"start":{"line":12,"column":25},"end":{"line":12,"column":40}},{"start":{"line":12,"column":44},"end":{"line":12,"column":46}}]},"1":{"loc":{"start":{"line":12,"column":25},"end":{"line":12,"column":40}},"type":"cond-expr","locations":[{"start":{"line":12,"column":32},"end":{"line":12,"column":34}},{"start":{"line":12,"column":25},"end":{"line":12,"column":40}}]},"2":{"loc":{"start":{"line":12,"column":25},"end":{"line":12,"column":34}},"type":"binary-expr","locations":[{"start":{"line":12,"column":25},"end":{"line":12,"column":34}},{"start":{"line":12,"column":25},"end":{"line":12,"column":34}}]},"3":{"loc":{"start":{"line":14,"column":18},"end":{"line":14,"column":60}},"type":"binary-expr","locations":[{"start":{"line":14,"column":18},"end":{"line":14,"column":33}},{"start":{"line":14,"column":37},"end":{"line":14,"column":60}}]},"4":{"loc":{"start":{"line":14,"column":18},"end":{"line":14,"column":33}},"type":"cond-expr","locations":[{"start":{"line":14,"column":25},"end":{"line":14,"column":27}},{"start":{"line":14,"column":18},"end":{"line":14,"column":33}}]},"5":{"loc":{"start":{"line":14,"column":18},"end":{"line":14,"column":27}},"type":"binary-expr","locations":[{"start":{"line":14,"column":18},"end":{"line":14,"column":27}},{"start":{"line":14,"column":18},"end":{"line":14,"column":27}}]},"6":{"loc":{"start":{"line":19,"column":24},"end":{"line":19,"column":70}},"type":"binary-expr","locations":[{"start":{"line":19,"column":24},"end":{"line":19,"column":45}},{"start":{"line":19,"column":49},"end":{"line":19,"column":70}}]},"7":{"loc":{"start":{"line":19,"column":24},"end":{"line":19,"column":45}},"type":"cond-expr","locations":[{"start":{"line":19,"column":31},"end":{"line":19,"column":33}},{"start":{"line":19,"column":24},"end":{"line":19,"column":45}}]},"8":{"loc":{"start":{"line":19,"column":24},"end":{"line":19,"column":33}},"type":"binary-expr","locations":[{"start":{"line":19,"column":24},"end":{"line":19,"column":33}},{"start":{"line":19,"column":24},"end":{"line":19,"column":33}}]},"9":{"loc":{"start":{"line":49,"column":24},"end":{"line":52,"column":21}},"type":"cond-expr","locations":[{"start":{"line":51,"column":57},"end":{"line":51,"column":null}},{"start":{"line":51,"column":57},"end":{"line":52,"column":21}}]},"10":{"loc":{"start":{"line":49,"column":24},"end":{"line":51,"column":null}},"type":"binary-expr","locations":[{"start":{"line":49,"column":24},"end":{"line":51,"column":null}},{"start":{"line":51,"column":57},"end":{"line":51,"column":null}}]},"11":{"loc":{"start":{"line":54,"column":4},"end":{"line":56,"column":null}},"type":"if","locations":[{"start":{"line":54,"column":4},"end":{"line":56,"column":null}}]},"12":{"loc":{"start":{"line":68,"column":4},"end":{"line":68,"column":19}},"type":"cond-expr","locations":[{"start":{"line":68,"column":10},"end":{"line":68,"column":12}},{"start":{"line":68,"column":4},"end":{"line":68,"column":19}}]},"13":{"loc":{"start":{"line":68,"column":4},"end":{"line":68,"column":12}},"type":"binary-expr","locations":[{"start":{"line":68,"column":4},"end":{"line":68,"column":12}},{"start":{"line":68,"column":4},"end":{"line":68,"column":12}}]}},"s":{"0":1,"1":10,"2":0,"3":5,"4":5,"5":5,"6":5,"7":5,"8":5,"9":5,"10":5,"11":5,"12":5,"13":2,"14":2,"15":2,"16":2,"17":2,"18":4,"19":4,"20":4,"21":1,"22":4,"23":4,"24":2,"25":2,"26":2,"27":0,"28":5,"29":1},"f":{"0":10,"1":5,"2":5,"3":2,"4":2,"5":2,"6":4,"7":4,"8":2,"9":0},"b":{"0":[5,5],"1":[1,4],"2":[5,5],"3":[5,5],"4":[1,4],"5":[5,5],"6":[5,1],"7":[1,4],"8":[5,5],"9":[3,1],"10":[4,4],"11":[1],"12":[0,0],"13":[0,0]}}
}
