TN:
SF:src/index.ts
FN:5,appendFieldToUrl
FN:11,init
FN:27,Sdk
FN:34,loadFlags
FN:38,(anonymous_4)
FN:42,(anonymous_5)
FN:48,onFlagUpdate
FN:51,(anonymous_7)
FN:59,(anonymous_8)
FN:67,disconnect
FNF:10
FNH:9
FNDA:10,appendFieldToUrl
FNDA:5,init
FNDA:5,Sdk
FNDA:2,loadFlags
FNDA:2,(anonymous_4)
FNDA:2,(anonymous_5)
FNDA:4,onFlagUpdate
FNDA:4,(anonymous_7)
FNDA:2,(anonymous_8)
FNDA:0,disconnect
DA:3,1
DA:6,10
DA:7,0
DA:12,5
DA:14,5
DA:15,5
DA:16,5
DA:19,5
DA:20,5
DA:21,5
DA:22,5
DA:24,5
DA:31,5
DA:37,2
DA:39,2
DA:40,2
DA:43,2
DA:44,2
DA:49,4
DA:51,4
DA:54,4
DA:55,1
DA:58,4
DA:59,4
DA:60,2
DA:61,2
DA:63,2
DA:68,0
DA:71,5
DA:74,1
LF:30
LH:28
BRDA:12,0,0,5
BRDA:12,0,1,5
BRDA:12,1,0,1
BRDA:12,1,1,4
BRDA:12,2,0,5
BRDA:12,2,1,5
BRDA:14,3,0,5
BRDA:14,3,1,5
BRDA:14,4,0,1
BRDA:14,4,1,4
BRDA:14,5,0,5
BRDA:14,5,1,5
BRDA:19,6,0,5
BRDA:19,6,1,1
BRDA:19,7,0,1
BRDA:19,7,1,4
BRDA:19,8,0,5
BRDA:19,8,1,5
BRDA:49,9,0,3
BRDA:49,9,1,1
BRDA:49,10,0,4
BRDA:49,10,1,4
BRDA:54,11,0,1
BRDA:68,12,0,0
BRDA:68,12,1,0
BRDA:68,13,0,0
BRDA:68,13,1,0
BRF:27
BRH:23
end_of_record
