TN:
SF:src/index.ts
FN:5,init
FN:11,(anonymous_1)
FN:21,(anonymous_2)
FN:22,(anonymous_3)
FN:32,Sdk
FN:40,loadFlags
FN:44,(anonymous_6)
FN:48,(anonymous_7)
FN:54,onFlagUpdate
FN:62,(anonymous_9)
FN:69,disconnect
FNF:11
FNH:11
FNDA:8,init
FNDA:6,(anonymous_1)
FNDA:6,(anonymous_2)
FNDA:3,(anonymous_3)
FNDA:8,Sdk
FNDA:3,loadFlags
FNDA:3,(anonymous_6)
FNDA:3,(anonymous_7)
FNDA:5,onFlagUpdate
FNDA:2,(anonymous_9)
FNDA:2,disconnect
DA:3,1
DA:6,8
DA:9,8
DA:10,8
DA:11,6
DA:14,8
DA:19,8
DA:20,8
DA:21,6
DA:22,3
DA:25,8
DA:29,8
DA:37,8
DA:43,3
DA:45,3
DA:46,3
DA:49,3
DA:50,3
DA:58,5
DA:62,5
DA:63,2
DA:65,2
DA:70,2
DA:73,8
DA:76,1
LF:25
LH:25
BRDA:6,0,0,8
BRDA:6,0,1,5
BRDA:6,1,0,1
BRDA:6,1,1,7
BRDA:6,2,0,8
BRDA:6,2,1,8
BRDA:9,3,0,8
BRDA:9,3,1,8
BRDA:9,4,0,1
BRDA:9,4,1,7
BRDA:9,5,0,8
BRDA:9,5,1,8
BRDA:15,6,0,3
BRDA:15,6,1,5
BRDA:19,7,0,8
BRDA:19,7,1,2
BRDA:19,8,0,1
BRDA:19,8,1,7
BRDA:19,9,0,8
BRDA:19,9,1,8
BRDA:26,10,0,3
BRDA:26,10,1,5
BRDA:29,11,0,8
BRDA:29,11,1,8
BRDA:29,12,0,1
BRDA:29,12,1,7
BRDA:29,13,0,8
BRDA:29,13,1,8
BRDA:59,14,0,1
BRDA:59,14,1,4
BRDA:70,15,0,1
BRDA:70,15,1,1
BRDA:70,16,0,2
BRDA:70,16,1,2
BRF:34
BRH:34
end_of_record
